<?xml version="1.0" encoding="UTF-8"?>
<!-- Generated by org.testng.reporters.JUnitReportReporter -->
<testsuite hostname="techcirclesMini" failures="0" tests="1" name="tests.homePageTest" time="65.706" errors="0" timestamp="2024-03-18T21:57:40 EDT" skipped="0">
  <testcase classname="tests.homePageTest" name="testingRetry" time="65.706"/>
</testsuite> <!-- tests.homePageTest -->
